Arguments: 
  /data/data/com.termux/files/usr/bin/node /data/data/com.termux/files/usr/share/yarn/bin/yarn.js add google-spreadsheet

PATH: 
  /data/data/com.termux/files/usr/bin

Yarn version: 
  1.22.19

Node version: 
  20.2.0

Platform: 
  android arm

Trace: 
  Error [ERR_SOCKET_CONNECTION_TIMEOUT]: Socket connection timeout
      at new NodeError (node:internal/errors:399:5)
      at internalConnectMultiple (node:net:1099:20)
      at Timeout.internalConnectMultipleTimeout (node:net:1638:3)
      at listOnTimeout (node:internal/timers:575:11)
      at process.processTimers (node:internal/timers:514:7)

npm manifest: 
  {
    "name": "webdocs",
    "version": "0.0.0",
    "private": true,
    "scripts": {
      "start": "node ./bin/www"
    },
    "dependencies": {
      "@tobyg74/tiktok-api-dl": "^1.0.5",
      "api-trekkers": "^1.0.2",
      "axios": "^1.5.0",
      "cheerio": "^1.0.0-rc.12",
      "cookie-parser": "~1.4.4",
      "cors": "^2.8.5",
      "debug": "~2.6.9",
      "express": "^4.18.2",
      "fake-useragent": "^1.0.1",
      "form-data": "^4.0.0",
      "http-errors": "~1.6.3",
      "igdown-scrapper": "^2.0.0",
      "jade": "^1.9.2",
      "morgan": "~1.9.1",
      "node-fetch": "^3.3.2",
      "nodemon": "^3.0.1",
      "qs": "^6.11.2",
      "request": "^2.88.2",
      "serve-favicon": "^2.5.0"
    }
  }

yarn manifest: 
  No manifest

Lockfile: 
  No lockfile
